<?xml version="1.0" encoding="UTF-8"?>
<testng-results ignored="0" total="10" passed="8" failed="2" skipped="0">
  <reporter-output>
  </reporter-output>
  <suite started-at="2024-10-15T21:50:37 EEST" name="Default suite" finished-at="2024-10-15T21:52:50 EEST" duration-ms="133362">
    <groups>
    </groups>
    <test started-at="2024-10-15T21:50:37 EEST" name="Default test" finished-at="2024-10-15T21:52:50 EEST" duration-ms="133362">
      <class name="tests.NewCustomerTest">
        <test-method is-config="true" signature="beforeTest()[pri:0, instance:tests.NewCustomerTest@71075444]" started-at="2024-10-15T21:50:37 EEST" name="beforeTest" finished-at="2024-10-15T21:50:42 EEST" duration-ms="4846" status="PASS">
          <reporter-output>
          </reporter-output>
        </test-method> <!-- beforeTest -->
        <test-method is-config="true" signature="initilizeObject()[pri:0, instance:tests.NewCustomerTest@71075444]" started-at="2024-10-15T21:50:42 EEST" name="initilizeObject" finished-at="2024-10-15T21:50:42 EEST" duration-ms="12" status="PASS">
          <reporter-output>
          </reporter-output>
        </test-method> <!-- initilizeObject -->
        <test-method signature="NewCustomerData()[pri:1, instance:tests.NewCustomerTest@71075444]" started-at="2024-10-15T21:50:42 EEST" name="NewCustomerData" finished-at="2024-10-15T21:51:06 EEST" duration-ms="24207" status="PASS">
          <reporter-output>
          </reporter-output>
        </test-method> <!-- NewCustomerData -->
        <test-method is-config="true" signature="initilizeObject()[pri:0, instance:tests.NewCustomerTest@71075444]" started-at="2024-10-15T21:51:06 EEST" name="initilizeObject" finished-at="2024-10-15T21:51:06 EEST" duration-ms="1" status="PASS">
          <reporter-output>
          </reporter-output>
        </test-method> <!-- initilizeObject -->
        <test-method signature="Edit_Customer()[pri:2, instance:tests.NewCustomerTest@71075444]" started-at="2024-10-15T21:51:06 EEST" name="Edit_Customer" finished-at="2024-10-15T21:51:21 EEST" depends-on-methods="tests.NewCustomerTest.NewCustomerData" duration-ms="15458" status="PASS">
          <reporter-output>
          </reporter-output>
        </test-method> <!-- Edit_Customer -->
        <test-method is-config="true" signature="initilizeObject()[pri:0, instance:tests.NewCustomerTest@71075444]" started-at="2024-10-15T21:51:21 EEST" name="initilizeObject" finished-at="2024-10-15T21:51:21 EEST" duration-ms="4" status="PASS">
          <reporter-output>
          </reporter-output>
        </test-method> <!-- initilizeObject -->
        <test-method signature="New_Account()[pri:3, instance:tests.NewCustomerTest@71075444]" started-at="2024-10-15T21:51:21 EEST" name="New_Account" finished-at="2024-10-15T21:51:39 EEST" depends-on-methods="tests.NewCustomerTest.Edit_Customer" duration-ms="17337" status="PASS">
          <reporter-output>
          </reporter-output>
        </test-method> <!-- New_Account -->
        <test-method is-config="true" signature="initilizeObject()[pri:0, instance:tests.NewCustomerTest@71075444]" started-at="2024-10-15T21:51:39 EEST" name="initilizeObject" finished-at="2024-10-15T21:51:39 EEST" duration-ms="2" status="PASS">
          <reporter-output>
          </reporter-output>
        </test-method> <!-- initilizeObject -->
        <test-method signature="Edit_Account()[pri:4, instance:tests.NewCustomerTest@71075444]" started-at="2024-10-15T21:51:39 EEST" name="Edit_Account" finished-at="2024-10-15T21:51:49 EEST" depends-on-methods="tests.NewCustomerTest.New_Account" duration-ms="10688" status="PASS">
          <reporter-output>
          </reporter-output>
        </test-method> <!-- Edit_Account -->
        <test-method is-config="true" signature="initilizeObject()[pri:0, instance:tests.NewCustomerTest@71075444]" started-at="2024-10-15T21:51:49 EEST" name="initilizeObject" finished-at="2024-10-15T21:51:49 EEST" duration-ms="3" status="PASS">
          <reporter-output>
          </reporter-output>
        </test-method> <!-- initilizeObject -->
        <test-method signature="Balance_Enquiry()[pri:5, instance:tests.NewCustomerTest@71075444]" started-at="2024-10-15T21:51:49 EEST" name="Balance_Enquiry" finished-at="2024-10-15T21:52:04 EEST" duration-ms="14398" status="PASS">
          <reporter-output>
          </reporter-output>
        </test-method> <!-- Balance_Enquiry -->
        <test-method is-config="true" signature="initilizeObject()[pri:0, instance:tests.NewCustomerTest@71075444]" started-at="2024-10-15T21:52:04 EEST" name="initilizeObject" finished-at="2024-10-15T21:52:04 EEST" duration-ms="1" status="PASS">
          <reporter-output>
          </reporter-output>
        </test-method> <!-- initilizeObject -->
        <test-method signature="Mini_statement()[pri:6, instance:tests.NewCustomerTest@71075444]" started-at="2024-10-15T21:52:04 EEST" name="Mini_statement" finished-at="2024-10-15T21:52:18 EEST" duration-ms="14456" status="PASS">
          <reporter-output>
          </reporter-output>
        </test-method> <!-- Mini_statement -->
        <test-method is-config="true" signature="initilizeObject()[pri:0, instance:tests.NewCustomerTest@71075444]" started-at="2024-10-15T21:52:18 EEST" name="initilizeObject" finished-at="2024-10-15T21:52:18 EEST" duration-ms="2" status="PASS">
          <reporter-output>
          </reporter-output>
        </test-method> <!-- initilizeObject -->
        <test-method signature="Custom_Statement()[pri:7, instance:tests.NewCustomerTest@71075444]" started-at="2024-10-15T21:52:18 EEST" name="Custom_Statement" finished-at="2024-10-15T21:52:29 EEST" duration-ms="11043" status="FAIL">
          <exception class="org.openqa.selenium.UnhandledAlertException">
            <message>
              <![CDATA[unexpected alert open: {Alert text : Account does not exist}
  (Session info: chrome=129.0.6668.90): Account does not exist
Build info: version: '4.25.0', revision: '8a8aea2337'
System info: os.name: 'Windows 11', os.arch: 'amd64', os.version: '10.0', java.version: '22.0.2'
Driver info: org.openqa.selenium.chrome.ChromeDriver
Command: [6abfe00b5da820d53204b27f015beb15, get {url=https://demo.guru99.com/V2/webpages/Managerhomepage.php}]
Capabilities {acceptInsecureCerts: false, browserName: chrome, browserVersion: 129.0.6668.90, chrome: {chromedriverVersion: 129.0.6668.100 (cf58cba358d..., userDataDir: C:\Users\Yousef\AppData\Loc...}, fedcm:accounts: true, goog:chromeOptions: {debuggerAddress: localhost:54906}, networkConnectionEnabled: false, pageLoadStrategy: normal, platformName: windows, proxy: Proxy(), se:cdp: ws://localhost:54906/devtoo..., se:cdpVersion: 129.0.6668.90, setWindowRect: true, strictFileInteractability: false, timeouts: {implicit: 0, pageLoad: 300000, script: 30000}, unhandledPromptBehavior: dismiss and notify, webauthn:extension:credBlob: true, webauthn:extension:largeBlob: true, webauthn:extension:minPinLength: true, webauthn:extension:prf: true, webauthn:virtualAuthenticators: true}
Session ID: 6abfe00b5da820d53204b27f015beb15]]>
            </message>
            <full-stacktrace>
              <![CDATA[org.openqa.selenium.UnhandledAlertException: unexpected alert open: {Alert text : Account does not exist}
  (Session info: chrome=129.0.6668.90): Account does not exist
Build info: version: '4.25.0', revision: '8a8aea2337'
System info: os.name: 'Windows 11', os.arch: 'amd64', os.version: '10.0', java.version: '22.0.2'
Driver info: org.openqa.selenium.chrome.ChromeDriver
Command: [6abfe00b5da820d53204b27f015beb15, get {url=https://demo.guru99.com/V2/webpages/Managerhomepage.php}]
Capabilities {acceptInsecureCerts: false, browserName: chrome, browserVersion: 129.0.6668.90, chrome: {chromedriverVersion: 129.0.6668.100 (cf58cba358d..., userDataDir: C:\Users\Yousef\AppData\Loc...}, fedcm:accounts: true, goog:chromeOptions: {debuggerAddress: localhost:54906}, networkConnectionEnabled: false, pageLoadStrategy: normal, platformName: windows, proxy: Proxy(), se:cdp: ws://localhost:54906/devtoo..., se:cdpVersion: 129.0.6668.90, setWindowRect: true, strictFileInteractability: false, timeouts: {implicit: 0, pageLoad: 300000, script: 30000}, unhandledPromptBehavior: dismiss and notify, webauthn:extension:credBlob: true, webauthn:extension:largeBlob: true, webauthn:extension:minPinLength: true, webauthn:extension:prf: true, webauthn:virtualAuthenticators: true}
Session ID: 6abfe00b5da820d53204b27f015beb15
at org.openqa.selenium.remote.codec.w3c.W3CHttpResponseCodec.decode(W3CHttpResponseCodec.java:136)
at org.openqa.selenium.remote.codec.w3c.W3CHttpResponseCodec.decode(W3CHttpResponseCodec.java:50)
at org.openqa.selenium.remote.HttpCommandExecutor.execute(HttpCommandExecutor.java:190)
at org.openqa.selenium.remote.service.DriverCommandExecutor.invokeExecute(DriverCommandExecutor.java:216)
at org.openqa.selenium.remote.service.DriverCommandExecutor.execute(DriverCommandExecutor.java:174)
at org.openqa.selenium.remote.RemoteWebDriver.execute(RemoteWebDriver.java:545)
at org.openqa.selenium.remote.RemoteWebDriver.get(RemoteWebDriver.java:313)
at org.openqa.selenium.remote.RemoteWebDriver$RemoteNavigation.to(RemoteWebDriver.java:1090)
at tests.NewCustomerTest.Custom_Statement(NewCustomerTest.java:207)
at java.base/jdk.internal.reflect.DirectMethodHandleAccessor.invoke(DirectMethodHandleAccessor.java:103)
at java.base/java.lang.reflect.Method.invoke(Method.java:580)
at org.testng.internal.invokers.MethodInvocationHelper.invokeMethod(MethodInvocationHelper.java:141)
at org.testng.internal.invokers.TestInvoker.invokeMethod(TestInvoker.java:686)
at org.testng.internal.invokers.TestInvoker.invokeTestMethod(TestInvoker.java:230)
at org.testng.internal.invokers.MethodRunner.runInSequence(MethodRunner.java:63)
at org.testng.internal.invokers.TestInvoker$MethodInvocationAgent.invoke(TestInvoker.java:992)
at org.testng.internal.invokers.TestInvoker.invokeTestMethods(TestInvoker.java:203)
at org.testng.internal.invokers.TestMethodWorker.invokeTestMethods(TestMethodWorker.java:154)
at org.testng.internal.invokers.TestMethodWorker.run(TestMethodWorker.java:134)
at java.base/java.util.ArrayList.forEach(ArrayList.java:1597)
at org.testng.TestRunner.privateRun(TestRunner.java:739)
at org.testng.TestRunner.run(TestRunner.java:614)
at org.testng.SuiteRunner.runTest(SuiteRunner.java:421)
at org.testng.SuiteRunner.runSequentially(SuiteRunner.java:413)
at org.testng.SuiteRunner.privateRun(SuiteRunner.java:373)
at org.testng.SuiteRunner.run(SuiteRunner.java:312)
at org.testng.SuiteRunnerWorker.runSuite(SuiteRunnerWorker.java:52)
at org.testng.SuiteRunnerWorker.run(SuiteRunnerWorker.java:95)
at org.testng.TestNG.runSuitesSequentially(TestNG.java:1274)
at org.testng.TestNG.runSuitesLocally(TestNG.java:1208)
at org.testng.TestNG.runSuites(TestNG.java:1112)
at org.testng.TestNG.run(TestNG.java:1079)
at org.testng.remote.AbstractRemoteTestNG.run(AbstractRemoteTestNG.java:115)
at org.testng.remote.RemoteTestNG.initAndRun(RemoteTestNG.java:293)
at org.testng.remote.RemoteTestNG.main(RemoteTestNG.java:91)
]]>
            </full-stacktrace>
          </exception> <!-- org.openqa.selenium.UnhandledAlertException -->
          <reporter-output>
          </reporter-output>
        </test-method> <!-- Custom_Statement -->
        <test-method is-config="true" signature="initilizeObject()[pri:0, instance:tests.NewCustomerTest@71075444]" started-at="2024-10-15T21:52:29 EEST" name="initilizeObject" finished-at="2024-10-15T21:52:29 EEST" duration-ms="1" status="PASS">
          <reporter-output>
          </reporter-output>
        </test-method> <!-- initilizeObject -->
        <test-method signature="Delete_Account()[pri:8, instance:tests.NewCustomerTest@71075444]" started-at="2024-10-15T21:52:29 EEST" name="Delete_Account" finished-at="2024-10-15T21:52:41 EEST" duration-ms="11381" status="PASS">
          <reporter-output>
          </reporter-output>
        </test-method> <!-- Delete_Account -->
        <test-method is-config="true" signature="initilizeObject()[pri:0, instance:tests.NewCustomerTest@71075444]" started-at="2024-10-15T21:52:41 EEST" name="initilizeObject" finished-at="2024-10-15T21:52:41 EEST" duration-ms="1" status="PASS">
          <reporter-output>
          </reporter-output>
        </test-method> <!-- initilizeObject -->
        <test-method signature="Delete_Customer()[pri:8, instance:tests.NewCustomerTest@71075444]" started-at="2024-10-15T21:52:41 EEST" name="Delete_Customer" finished-at="2024-10-15T21:52:41 EEST" duration-ms="18" status="FAIL">
          <exception class="org.openqa.selenium.NoSuchElementException">
            <message>
              <![CDATA[no such element: Unable to locate element: {"method":"css selector","selector":"body > div:nth-child(3) > div > ul > li:nth-child(4)"}
  (Session info: chrome=129.0.6668.90)
For documentation on this error, please visit: https://www.selenium.dev/documentation/webdriver/troubleshooting/errors#no-such-element-exception
Build info: version: '4.25.0', revision: '8a8aea2337'
System info: os.name: 'Windows 11', os.arch: 'amd64', os.version: '10.0', java.version: '22.0.2'
Driver info: org.openqa.selenium.chrome.ChromeDriver
Command: [6abfe00b5da820d53204b27f015beb15, findElement {value=body > div:nth-child(3) > div > ul > li:nth-child(4), using=css selector}]
Capabilities {acceptInsecureCerts: false, browserName: chrome, browserVersion: 129.0.6668.90, chrome: {chromedriverVersion: 129.0.6668.100 (cf58cba358d..., userDataDir: C:\Users\Yousef\AppData\Loc...}, fedcm:accounts: true, goog:chromeOptions: {debuggerAddress: localhost:54906}, networkConnectionEnabled: false, pageLoadStrategy: normal, platformName: windows, proxy: Proxy(), se:cdp: ws://localhost:54906/devtoo..., se:cdpVersion: 129.0.6668.90, setWindowRect: true, strictFileInteractability: false, timeouts: {implicit: 0, pageLoad: 300000, script: 30000}, unhandledPromptBehavior: dismiss and notify, webauthn:extension:credBlob: true, webauthn:extension:largeBlob: true, webauthn:extension:minPinLength: true, webauthn:extension:prf: true, webauthn:virtualAuthenticators: true}
Session ID: 6abfe00b5da820d53204b27f015beb15]]>
            </message>
            <full-stacktrace>
              <![CDATA[org.openqa.selenium.NoSuchElementException: no such element: Unable to locate element: {"method":"css selector","selector":"body > div:nth-child(3) > div > ul > li:nth-child(4)"}
  (Session info: chrome=129.0.6668.90)
For documentation on this error, please visit: https://www.selenium.dev/documentation/webdriver/troubleshooting/errors#no-such-element-exception
Build info: version: '4.25.0', revision: '8a8aea2337'
System info: os.name: 'Windows 11', os.arch: 'amd64', os.version: '10.0', java.version: '22.0.2'
Driver info: org.openqa.selenium.chrome.ChromeDriver
Command: [6abfe00b5da820d53204b27f015beb15, findElement {value=body > div:nth-child(3) > div > ul > li:nth-child(4), using=css selector}]
Capabilities {acceptInsecureCerts: false, browserName: chrome, browserVersion: 129.0.6668.90, chrome: {chromedriverVersion: 129.0.6668.100 (cf58cba358d..., userDataDir: C:\Users\Yousef\AppData\Loc...}, fedcm:accounts: true, goog:chromeOptions: {debuggerAddress: localhost:54906}, networkConnectionEnabled: false, pageLoadStrategy: normal, platformName: windows, proxy: Proxy(), se:cdp: ws://localhost:54906/devtoo..., se:cdpVersion: 129.0.6668.90, setWindowRect: true, strictFileInteractability: false, timeouts: {implicit: 0, pageLoad: 300000, script: 30000}, unhandledPromptBehavior: dismiss and notify, webauthn:extension:credBlob: true, webauthn:extension:largeBlob: true, webauthn:extension:minPinLength: true, webauthn:extension:prf: true, webauthn:virtualAuthenticators: true}
Session ID: 6abfe00b5da820d53204b27f015beb15
at java.base/jdk.internal.reflect.DirectConstructorHandleAccessor.newInstance(DirectConstructorHandleAccessor.java:62)
at java.base/java.lang.reflect.Constructor.newInstanceWithCaller(Constructor.java:502)
at java.base/java.lang.reflect.Constructor.newInstance(Constructor.java:486)
at org.openqa.selenium.remote.ErrorCodec.decode(ErrorCodec.java:167)
at org.openqa.selenium.remote.codec.w3c.W3CHttpResponseCodec.decode(W3CHttpResponseCodec.java:138)
at org.openqa.selenium.remote.codec.w3c.W3CHttpResponseCodec.decode(W3CHttpResponseCodec.java:50)
at org.openqa.selenium.remote.HttpCommandExecutor.execute(HttpCommandExecutor.java:190)
at org.openqa.selenium.remote.service.DriverCommandExecutor.invokeExecute(DriverCommandExecutor.java:216)
at org.openqa.selenium.remote.service.DriverCommandExecutor.execute(DriverCommandExecutor.java:174)
at org.openqa.selenium.remote.RemoteWebDriver.execute(RemoteWebDriver.java:545)
at org.openqa.selenium.remote.ElementLocation$ElementFinder$2.findElement(ElementLocation.java:165)
at org.openqa.selenium.remote.ElementLocation.findElement(ElementLocation.java:59)
at org.openqa.selenium.remote.RemoteWebDriver.findElement(RemoteWebDriver.java:368)
at org.openqa.selenium.remote.RemoteWebDriver.findElement(RemoteWebDriver.java:362)
at org.openqa.selenium.support.pagefactory.DefaultElementLocator.findElement(DefaultElementLocator.java:68)
at org.openqa.selenium.support.pagefactory.internal.LocatingElementHandler.invoke(LocatingElementHandler.java:38)
at jdk.proxy2/jdk.proxy2.$Proxy13.click(Unknown Source)
at pages.HomePage.OpenDelete_Customer(HomePage.java:65)
at tests.NewCustomerTest.Delete_Customer(NewCustomerTest.java:69)
at java.base/jdk.internal.reflect.DirectMethodHandleAccessor.invoke(DirectMethodHandleAccessor.java:103)
at java.base/java.lang.reflect.Method.invoke(Method.java:580)
at org.testng.internal.invokers.MethodInvocationHelper.invokeMethod(MethodInvocationHelper.java:141)
at org.testng.internal.invokers.TestInvoker.invokeMethod(TestInvoker.java:686)
at org.testng.internal.invokers.TestInvoker.invokeTestMethod(TestInvoker.java:230)
at org.testng.internal.invokers.MethodRunner.runInSequence(MethodRunner.java:63)
at org.testng.internal.invokers.TestInvoker$MethodInvocationAgent.invoke(TestInvoker.java:992)
at org.testng.internal.invokers.TestInvoker.invokeTestMethods(TestInvoker.java:203)
at org.testng.internal.invokers.TestMethodWorker.invokeTestMethods(TestMethodWorker.java:154)
at org.testng.internal.invokers.TestMethodWorker.run(TestMethodWorker.java:134)
at java.base/java.util.ArrayList.forEach(ArrayList.java:1597)
at org.testng.TestRunner.privateRun(TestRunner.java:739)
at org.testng.TestRunner.run(TestRunner.java:614)
at org.testng.SuiteRunner.runTest(SuiteRunner.java:421)
at org.testng.SuiteRunner.runSequentially(SuiteRunner.java:413)
at org.testng.SuiteRunner.privateRun(SuiteRunner.java:373)
at org.testng.SuiteRunner.run(SuiteRunner.java:312)
at org.testng.SuiteRunnerWorker.runSuite(SuiteRunnerWorker.java:52)
at org.testng.SuiteRunnerWorker.run(SuiteRunnerWorker.java:95)
at org.testng.TestNG.runSuitesSequentially(TestNG.java:1274)
at org.testng.TestNG.runSuitesLocally(TestNG.java:1208)
at org.testng.TestNG.runSuites(TestNG.java:1112)
at org.testng.TestNG.run(TestNG.java:1079)
at org.testng.remote.AbstractRemoteTestNG.run(AbstractRemoteTestNG.java:115)
at org.testng.remote.RemoteTestNG.initAndRun(RemoteTestNG.java:293)
at org.testng.remote.RemoteTestNG.main(RemoteTestNG.java:91)
]]>
            </full-stacktrace>
          </exception> <!-- org.openqa.selenium.NoSuchElementException -->
          <reporter-output>
          </reporter-output>
        </test-method> <!-- Delete_Customer -->
        <test-method signature="LogOut()[pri:9, instance:tests.NewCustomerTest@71075444]" started-at="2024-10-15T21:52:41 EEST" name="LogOut" finished-at="2024-10-15T21:52:50 EEST" duration-ms="9450" status="PASS">
          <reporter-output>
          </reporter-output>
        </test-method> <!-- LogOut -->
        <test-method is-config="true" signature="initilizeObject()[pri:0, instance:tests.NewCustomerTest@71075444]" started-at="2024-10-15T21:52:41 EEST" name="initilizeObject" finished-at="2024-10-15T21:52:41 EEST" duration-ms="0" status="PASS">
          <reporter-output>
          </reporter-output>
        </test-method> <!-- initilizeObject -->
        <test-method is-config="true" signature="closeWebsite()[pri:0, instance:tests.NewCustomerTest@71075444]" started-at="2024-10-15T21:52:50 EEST" name="closeWebsite" finished-at="2024-10-15T21:52:50 EEST" duration-ms="1" status="PASS">
          <reporter-output>
          </reporter-output>
        </test-method> <!-- closeWebsite -->
      </class> <!-- tests.NewCustomerTest -->
    </test> <!-- Default test -->
  </suite> <!-- Default suite -->
</testng-results>
